<?xml version="1.0" encoding="UTF-8"?>
<!-- Generated by org.testng.reporters.JUnitReportReporter -->
<testsuite hostname="IN-PG03526Q" failures="0" tests="2" name="Tests.TestMethods" time="9.199" errors="0" timestamp="2024-04-10T12:32:30 IST" skipped="0">
  <testcase classname="Tests.TestMethods" name="openGoogle" time="4.570"/>
  <testcase classname="Tests.TestMethods" name="searchGoogle" time="4.629"/>
</testsuite> <!-- Tests.TestMethods -->
