<?xml version="1.0" encoding="UTF-8"?>
<!-- Generated by org.testng.reporters.JUnitReportReporter -->
<testsuite hostname="IN-PG03526Q" failures="0" tests="2" name="Tests.TestMethods" time="2.835" errors="0" timestamp="2024-04-10T11:34:36 IST" skipped="0">
  <testcase classname="Tests.TestMethods" name="openGoogle" time="2.610"/>
  <testcase classname="Tests.TestMethods" name="searchGoogle" time="0.225"/>
</testsuite> <!-- Tests.TestMethods -->
